c:\workspace\opendental\direct2dwrapper\debug\direct2dwrapper.pch
c:\workspace\opendental\direct2dwrapper\debug\vc143.pdb
c:\workspace\opendental\direct2dwrapper\debug\vc143.idb
c:\workspace\opendental\direct2dwrapper\debug\pch.obj
c:\workspace\opendental\direct2dwrapper\debug\dllmain.obj
c:\workspace\opendental\direct2dwrapper\debug\direct2dwrapper.obj
c:\workspace\opendental\direct2dwrapper\debug\d2dwrapperhwnd.obj
c:\workspace\opendental\direct2dwrapper\bin\direct2dwrapper.dll
c:\workspace\opendental\direct2dwrapper\bin\direct2dwrapper.pdb
c:\workspace\opendental\direct2dwrapper\debug\xdirect2dwrapper.res
c:\workspace\opendental\direct2dwrapper\bin\direct2dwrapper.lib
c:\workspace\opendental\direct2dwrapper\bin\direct2dwrapper.exp
c:\workspace\opendental\direct2dwrapper\debug\direct2dwrapper.ilk
c:\workspace\opendental\direct2dwrapper\debug\xdirect2dwrapper.tlog\cl.command.1.tlog
c:\workspace\opendental\direct2dwrapper\debug\xdirect2dwrapper.tlog\cl.items.tlog
c:\workspace\opendental\direct2dwrapper\debug\xdirect2dwrapper.tlog\cl.read.1.tlog
c:\workspace\opendental\direct2dwrapper\debug\xdirect2dwrapper.tlog\cl.write.1.tlog
c:\workspace\opendental\direct2dwrapper\debug\xdirect2dwrapper.tlog\link.command.1.tlog
c:\workspace\opendental\direct2dwrapper\debug\xdirect2dwrapper.tlog\link.read.1.tlog
c:\workspace\opendental\direct2dwrapper\debug\xdirect2dwrapper.tlog\link.secondary.1.tlog
c:\workspace\opendental\direct2dwrapper\debug\xdirect2dwrapper.tlog\link.write.1.tlog
c:\workspace\opendental\direct2dwrapper\debug\xdirect2dwrapper.tlog\rc.command.1.tlog
c:\workspace\opendental\direct2dwrapper\debug\xdirect2dwrapper.tlog\rc.read.1.tlog
c:\workspace\opendental\direct2dwrapper\debug\xdirect2dwrapper.tlog\rc.write.1.tlog
